{"level":"info","message":"🚀 Server running on http://localhost:3000","service":"purchase-system","timestamp":"2026-06-23 21:29:28"}
{"level":"info","message":"📊 Environment: development","service":"purchase-system","timestamp":"2026-06-23 21:29:28"}
{"level":"info","message":"✅ Database connected successfully","service":"purchase-system","timestamp":"2026-06-23 21:29:28"}
{"level":"info","message":"GET /","service":"purchase-system","timestamp":"2026-06-23 21:29:34"}
{"level":"info","message":"GET /robots.txt?495062","service":"purchase-system","timestamp":"2026-06-23 21:29:35"}
{"level":"info","message":"GET /products","service":"purchase-system","timestamp":"2026-06-23 21:29:44"}
{"level":"info","message":"GET /robots.txt?495062","service":"purchase-system","timestamp":"2026-06-23 21:29:44"}
{"level":"info","message":"GET /purchases","service":"purchase-system","timestamp":"2026-06-23 21:29:47"}
{"level":"info","message":"GET /robots.txt?495062","service":"purchase-system","timestamp":"2026-06-23 21:29:47"}
{"level":"info","message":"GET /robots.txt?495062","service":"purchase-system","timestamp":"2026-06-23 21:29:47"}
{"level":"info","message":"GET /products","service":"purchase-system","timestamp":"2026-06-23 21:29:49"}
{"level":"info","message":"GET /robots.txt?495062","service":"purchase-system","timestamp":"2026-06-23 21:29:49"}
{"level":"info","message":"🚀 Server running on http://localhost:3000","service":"purchase-system","timestamp":"2026-06-23 21:32:15"}
{"level":"info","message":"📊 Environment: development","service":"purchase-system","timestamp":"2026-06-23 21:32:15"}
{"level":"info","message":"✅ Database connected successfully","service":"purchase-system","timestamp":"2026-06-23 21:32:15"}
{"level":"info","message":"🚀 Server running on http://localhost:3000","service":"purchase-system","timestamp":"2026-06-23 21:32:42"}
{"level":"info","message":"📊 Environment: development","service":"purchase-system","timestamp":"2026-06-23 21:32:42"}
{"level":"info","message":"✅ Database connected successfully","service":"purchase-system","timestamp":"2026-06-23 21:32:42"}
{"level":"info","message":"🚀 Server running on http://localhost:3000","service":"purchase-system","timestamp":"2026-06-23 21:33:00"}
{"level":"info","message":"📊 Environment: development","service":"purchase-system","timestamp":"2026-06-23 21:33:00"}
{"level":"info","message":"✅ Database connected successfully","service":"purchase-system","timestamp":"2026-06-23 21:33:00"}
{"level":"info","message":"🚀 Server running on http://localhost:3000","service":"purchase-system","timestamp":"2026-06-23 21:33:08"}
{"level":"info","message":"📊 Environment: development","service":"purchase-system","timestamp":"2026-06-23 21:33:08"}
{"level":"info","message":"✅ Database connected successfully","service":"purchase-system","timestamp":"2026-06-23 21:33:08"}
{"level":"info","message":"🚀 Server running on http://localhost:3000","service":"purchase-system","timestamp":"2026-06-23 21:34:29"}
{"level":"info","message":"📊 Environment: development","service":"purchase-system","timestamp":"2026-06-23 21:34:29"}
{"level":"info","message":"✅ Database connected successfully","service":"purchase-system","timestamp":"2026-06-23 21:34:29"}
{"level":"info","message":"GET /products","service":"purchase-system","timestamp":"2026-06-23 21:34:40"}
{"level":"info","message":"GET /robots.txt?495062","service":"purchase-system","timestamp":"2026-06-23 21:34:40"}
{"level":"info","message":"GET /favicon.ico","service":"purchase-system","timestamp":"2026-06-23 21:34:40"}
{"level":"info","message":"GET /products/10/edit","service":"purchase-system","timestamp":"2026-06-23 21:34:44"}
{"level":"info","message":"GET /robots.txt?495062","service":"purchase-system","timestamp":"2026-06-23 21:34:44"}
{"level":"info","message":"POST /products/10","service":"purchase-system","timestamp":"2026-06-23 21:34:50"}
{"level":"info","message":"GET /robots.txt?495062","service":"purchase-system","timestamp":"2026-06-23 21:34:50"}
{"level":"info","message":"🚀 Server running on http://localhost:3000","service":"purchase-system","timestamp":"2026-06-23 21:36:30"}
{"level":"info","message":"📊 Environment: development","service":"purchase-system","timestamp":"2026-06-23 21:36:30"}
{"level":"info","message":"✅ Database connected successfully","service":"purchase-system","timestamp":"2026-06-23 21:36:30"}
{"level":"info","message":"🚀 Server running on http://localhost:3000","service":"purchase-system","timestamp":"2026-06-23 21:36:44"}
{"level":"info","message":"📊 Environment: development","service":"purchase-system","timestamp":"2026-06-23 21:36:44"}
{"level":"info","message":"✅ Database connected successfully","service":"purchase-system","timestamp":"2026-06-23 21:36:44"}
{"level":"info","message":"🚀 Server running on http://localhost:3000","service":"purchase-system","timestamp":"2026-06-23 21:36:53"}
{"level":"info","message":"📊 Environment: development","service":"purchase-system","timestamp":"2026-06-23 21:36:53"}
{"level":"info","message":"✅ Database connected successfully","service":"purchase-system","timestamp":"2026-06-23 21:36:53"}
{"level":"info","message":"🚀 Server running on http://localhost:3000","service":"purchase-system","timestamp":"2026-06-23 21:37:02"}
{"level":"info","message":"📊 Environment: development","service":"purchase-system","timestamp":"2026-06-23 21:37:02"}
{"level":"info","message":"✅ Database connected successfully","service":"purchase-system","timestamp":"2026-06-23 21:37:02"}
{"level":"info","message":"🚀 Server running on http://localhost:3000","service":"purchase-system","timestamp":"2026-06-23 21:37:09"}
{"level":"info","message":"📊 Environment: development","service":"purchase-system","timestamp":"2026-06-23 21:37:09"}
{"level":"info","message":"✅ Database connected successfully","service":"purchase-system","timestamp":"2026-06-23 21:37:09"}
{"level":"info","message":"🚀 Server running on http://localhost:3000","service":"purchase-system","timestamp":"2026-06-23 21:37:18"}
{"level":"info","message":"📊 Environment: development","service":"purchase-system","timestamp":"2026-06-23 21:37:18"}
{"level":"info","message":"✅ Database connected successfully","service":"purchase-system","timestamp":"2026-06-23 21:37:18"}
{"level":"info","message":"🚀 Server running on http://localhost:3000","service":"purchase-system","timestamp":"2026-06-23 21:37:26"}
{"level":"info","message":"📊 Environment: development","service":"purchase-system","timestamp":"2026-06-23 21:37:26"}
{"level":"info","message":"✅ Database connected successfully","service":"purchase-system","timestamp":"2026-06-23 21:37:26"}
{"level":"info","message":"🚀 Server running on http://localhost:3000","service":"purchase-system","timestamp":"2026-06-23 21:37:36"}
{"level":"info","message":"📊 Environment: development","service":"purchase-system","timestamp":"2026-06-23 21:37:36"}
{"level":"info","message":"✅ Database connected successfully","service":"purchase-system","timestamp":"2026-06-23 21:37:36"}
{"level":"info","message":"GET /robots.txt?495062","service":"purchase-system","timestamp":"2026-06-23 21:37:55"}
{"level":"info","message":"GET /products/10/edit","service":"purchase-system","timestamp":"2026-06-23 21:37:56"}
{"isOperational":true,"level":"error","message":"Edit form error: Product not found","service":"purchase-system","stack":"Error: Product not found\n    at ProductService.getProductById (D:\\coding\\interview\\purchase-system\\services\\ProductService.js:22:15)\n    at process.processTicksAndRejections (node:internal/process/task_queues:103:5)\n    at async showEditForm (D:\\coding\\interview\\purchase-system\\controllers\\ProductController.js:100:23)","statusCode":404,"timestamp":"2026-06-23 21:37:56"}
{"level":"info","message":"GET /robots.txt?495062","service":"purchase-system","timestamp":"2026-06-23 21:37:56"}
{"level":"info","message":"GET /products/10/edit","service":"purchase-system","timestamp":"2026-06-23 21:37:57"}
{"isOperational":true,"level":"error","message":"Edit form error: Product not found","service":"purchase-system","stack":"Error: Product not found\n    at ProductService.getProductById (D:\\coding\\interview\\purchase-system\\services\\ProductService.js:22:15)\n    at process.processTicksAndRejections (node:internal/process/task_queues:103:5)\n    at async showEditForm (D:\\coding\\interview\\purchase-system\\controllers\\ProductController.js:100:23)","statusCode":404,"timestamp":"2026-06-23 21:37:57"}
{"level":"info","message":"GET /robots.txt?495062","service":"purchase-system","timestamp":"2026-06-23 21:37:57"}
{"level":"info","message":"GET /products/10/edit","service":"purchase-system","timestamp":"2026-06-23 21:37:57"}
{"isOperational":true,"level":"error","message":"Edit form error: Product not found","service":"purchase-system","stack":"Error: Product not found\n    at ProductService.getProductById (D:\\coding\\interview\\purchase-system\\services\\ProductService.js:22:15)\n    at process.processTicksAndRejections (node:internal/process/task_queues:103:5)\n    at async showEditForm (D:\\coding\\interview\\purchase-system\\controllers\\ProductController.js:100:23)","statusCode":404,"timestamp":"2026-06-23 21:37:57"}
{"level":"info","message":"GET /robots.txt?495062","service":"purchase-system","timestamp":"2026-06-23 21:37:57"}
{"level":"info","message":"GET /products/10/edit","service":"purchase-system","timestamp":"2026-06-23 21:37:57"}
{"isOperational":true,"level":"error","message":"Edit form error: Product not found","service":"purchase-system","stack":"Error: Product not found\n    at ProductService.getProductById (D:\\coding\\interview\\purchase-system\\services\\ProductService.js:22:15)\n    at process.processTicksAndRejections (node:internal/process/task_queues:103:5)\n    at async showEditForm (D:\\coding\\interview\\purchase-system\\controllers\\ProductController.js:100:23)","statusCode":404,"timestamp":"2026-06-23 21:37:57"}
{"level":"info","message":"GET /robots.txt?495062","service":"purchase-system","timestamp":"2026-06-23 21:37:57"}
{"level":"info","message":"GET /robots.txt?495062","service":"purchase-system","timestamp":"2026-06-23 21:38:00"}
{"level":"info","message":"GET /","service":"purchase-system","timestamp":"2026-06-23 21:38:01"}
{"level":"info","message":"GET /robots.txt?495062","service":"purchase-system","timestamp":"2026-06-23 21:38:01"}
{"level":"info","message":"GET /products","service":"purchase-system","timestamp":"2026-06-23 21:38:05"}
{"level":"info","message":"GET /robots.txt?495062","service":"purchase-system","timestamp":"2026-06-23 21:38:05"}
{"level":"info","message":"GET /purchases","service":"purchase-system","timestamp":"2026-06-23 21:38:06"}
{"level":"info","message":"GET /robots.txt?495062","service":"purchase-system","timestamp":"2026-06-23 21:38:06"}
{"level":"info","message":"GET /products","service":"purchase-system","timestamp":"2026-06-23 21:38:06"}
{"level":"info","message":"GET /robots.txt?495062","service":"purchase-system","timestamp":"2026-06-23 21:38:06"}
{"level":"info","message":"GET /products/e30084f2-6f10-11f1-bb70-088fc3275581/edit","service":"purchase-system","timestamp":"2026-06-23 21:38:07"}
{"level":"info","message":"GET /robots.txt?495062","service":"purchase-system","timestamp":"2026-06-23 21:38:07"}
{"level":"info","message":"POST /products/e30084f2-6f10-11f1-bb70-088fc3275581","service":"purchase-system","timestamp":"2026-06-23 21:38:10"}
{"level":"info","message":"GET /robots.txt?495062","service":"purchase-system","timestamp":"2026-06-23 21:38:10"}
{"level":"info","message":"🚀 Server running on http://localhost:3000","service":"purchase-system","timestamp":"2026-06-23 21:38:49"}
{"level":"info","message":"📊 Environment: development","service":"purchase-system","timestamp":"2026-06-23 21:38:49"}
{"level":"info","message":"✅ Database connected successfully","service":"purchase-system","timestamp":"2026-06-23 21:38:49"}
{"level":"info","message":"🚀 Server running on http://localhost:3000","service":"purchase-system","timestamp":"2026-06-23 21:39:06"}
{"level":"info","message":"📊 Environment: development","service":"purchase-system","timestamp":"2026-06-23 21:39:06"}
{"level":"info","message":"✅ Database connected successfully","service":"purchase-system","timestamp":"2026-06-23 21:39:06"}
{"level":"info","message":"🚀 Server running on http://localhost:3000","service":"purchase-system","timestamp":"2026-06-23 21:39:14"}
{"level":"info","message":"📊 Environment: development","service":"purchase-system","timestamp":"2026-06-23 21:39:14"}
{"level":"info","message":"✅ Database connected successfully","service":"purchase-system","timestamp":"2026-06-23 21:39:14"}
{"level":"info","message":"GET /robots.txt?495062","service":"purchase-system","timestamp":"2026-06-23 21:39:30"}
{"level":"info","message":"GET /products/e30084f2-6f10-11f1-bb70-088fc3275581/edit","service":"purchase-system","timestamp":"2026-06-23 21:39:32"}
{"level":"info","message":"GET /robots.txt?495062","service":"purchase-system","timestamp":"2026-06-23 21:39:32"}
{"level":"info","message":"POST /products/e30084f2-6f10-11f1-bb70-088fc3275581","service":"purchase-system","timestamp":"2026-06-23 21:39:33"}
{"level":"info","message":"GET /robots.txt?495062","service":"purchase-system","timestamp":"2026-06-23 21:39:33"}
{"level":"info","message":"GET /products/e30084f2-6f10-11f1-bb70-088fc3275581/edit?Vdvd","service":"purchase-system","timestamp":"2026-06-23 21:39:37"}
{"level":"info","message":"GET /robots.txt?495062","service":"purchase-system","timestamp":"2026-06-23 21:39:37"}
{"level":"info","message":"🚀 Server running on http://localhost:3000","service":"purchase-system","timestamp":"2026-06-23 21:39:43"}
{"level":"info","message":"📊 Environment: development","service":"purchase-system","timestamp":"2026-06-23 21:39:43"}
{"level":"info","message":"✅ Database connected successfully","service":"purchase-system","timestamp":"2026-06-23 21:39:43"}
{"level":"info","message":"POST /products/e30084f2-6f10-11f1-bb70-088fc3275581","service":"purchase-system","timestamp":"2026-06-23 21:39:48"}
{"level":"info","message":"GET /robots.txt?495062","service":"purchase-system","timestamp":"2026-06-23 21:39:48"}
{"level":"info","message":"🚀 Server running on http://localhost:3000","service":"purchase-system","timestamp":"2026-06-23 21:40:18"}
{"level":"info","message":"📊 Environment: development","service":"purchase-system","timestamp":"2026-06-23 21:40:18"}
{"level":"info","message":"✅ Database connected successfully","service":"purchase-system","timestamp":"2026-06-23 21:40:19"}
{"level":"info","message":"🚀 Server running on http://localhost:3000","service":"purchase-system","timestamp":"2026-06-23 21:40:46"}
{"level":"info","message":"📊 Environment: development","service":"purchase-system","timestamp":"2026-06-23 21:40:46"}
{"level":"info","message":"✅ Database connected successfully","service":"purchase-system","timestamp":"2026-06-23 21:40:46"}
{"level":"info","message":"🚀 Server running on http://localhost:3000","service":"purchase-system","timestamp":"2026-06-23 21:40:55"}
{"level":"info","message":"📊 Environment: development","service":"purchase-system","timestamp":"2026-06-23 21:40:55"}
{"level":"info","message":"✅ Database connected successfully","service":"purchase-system","timestamp":"2026-06-23 21:40:55"}
{"level":"info","message":"🚀 Server running on http://localhost:3000","service":"purchase-system","timestamp":"2026-06-23 21:41:05"}
{"level":"info","message":"📊 Environment: development","service":"purchase-system","timestamp":"2026-06-23 21:41:05"}
{"level":"info","message":"✅ Database connected successfully","service":"purchase-system","timestamp":"2026-06-23 21:41:05"}
{"level":"info","message":"GET /robots.txt?495062","service":"purchase-system","timestamp":"2026-06-23 21:41:09"}
{"level":"info","message":"GET /products/e30084f2-6f10-11f1-bb70-088fc3275581/edit?Vdvdxxxx","service":"purchase-system","timestamp":"2026-06-23 21:41:12"}
{"level":"info","message":"GET /robots.txt?495062","service":"purchase-system","timestamp":"2026-06-23 21:41:12"}
{"level":"info","message":"PUT /products/e30084f2-6f10-11f1-bb70-088fc3275581","service":"purchase-system","timestamp":"2026-06-23 21:41:17"}
{"category":"Elektronik","level":"info","message":"Updating product e30084f2-6f10-11f1-bb70-088fc3275581 with data:","name":"Laptop Asus ROG Zephyrus","price":"15000200.00","service":"purchase-system","timestamp":"2026-06-23 21:41:17"}
{"level":"info","message":"Product updated: Laptop Asus ROG Zephyrus (ID: e30084f2-6f10-11f1-bb70-088fc3275581)","service":"purchase-system","timestamp":"2026-06-23 21:41:17"}
{"level":"info","message":"GET /products","service":"purchase-system","timestamp":"2026-06-23 21:41:17"}
{"level":"info","message":"GET /robots.txt?495062","service":"purchase-system","timestamp":"2026-06-23 21:41:17"}
{"level":"info","message":"GET /robots.txt?495062","service":"purchase-system","timestamp":"2026-06-23 21:41:17"}
{"level":"info","message":"GET /products/e3009518-6f10-11f1-bb70-088fc3275581/edit","service":"purchase-system","timestamp":"2026-06-23 21:41:27"}
{"level":"info","message":"GET /robots.txt?495062","service":"purchase-system","timestamp":"2026-06-23 21:41:27"}
{"level":"info","message":"PUT /products/e3009518-6f10-11f1-bb70-088fc3275581","service":"purchase-system","timestamp":"2026-06-23 21:41:29"}
{"category":"Elektronik","level":"info","message":"Updating product e3009518-6f10-11f1-bb70-088fc3275581 with data:","name":"Lampu LED Mejas","price":"450000.00","service":"purchase-system","timestamp":"2026-06-23 21:41:29"}
{"level":"info","message":"Product updated: Lampu LED Mejas (ID: e3009518-6f10-11f1-bb70-088fc3275581)","service":"purchase-system","timestamp":"2026-06-23 21:41:29"}
{"level":"info","message":"GET /products","service":"purchase-system","timestamp":"2026-06-23 21:41:29"}
{"level":"info","message":"GET /robots.txt?495062","service":"purchase-system","timestamp":"2026-06-23 21:41:29"}
{"level":"info","message":"GET /robots.txt?495062","service":"purchase-system","timestamp":"2026-06-23 21:41:29"}
{"level":"info","message":"GET /products/e3009518-6f10-11f1-bb70-088fc3275581/edit","service":"purchase-system","timestamp":"2026-06-23 21:41:31"}
{"level":"info","message":"GET /robots.txt?495062","service":"purchase-system","timestamp":"2026-06-23 21:41:31"}
{"level":"info","message":"PUT /products/e3009518-6f10-11f1-bb70-088fc3275581","service":"purchase-system","timestamp":"2026-06-23 21:41:35"}
{"category":"Elektronik","level":"info","message":"Updating product e3009518-6f10-11f1-bb70-088fc3275581 with data:","name":"Lampu LED Meja","price":"450000.00","service":"purchase-system","timestamp":"2026-06-23 21:41:35"}
{"level":"info","message":"Product updated: Lampu LED Meja (ID: e3009518-6f10-11f1-bb70-088fc3275581)","service":"purchase-system","timestamp":"2026-06-23 21:41:35"}
{"level":"info","message":"GET /products","service":"purchase-system","timestamp":"2026-06-23 21:41:35"}
{"level":"info","message":"GET /robots.txt?495062","service":"purchase-system","timestamp":"2026-06-23 21:41:35"}
{"level":"info","message":"GET /robots.txt?495062","service":"purchase-system","timestamp":"2026-06-23 21:41:35"}
{"level":"info","message":"GET /purchases","service":"purchase-system","timestamp":"2026-06-23 21:41:39"}
{"level":"info","message":"GET /robots.txt?495062","service":"purchase-system","timestamp":"2026-06-23 21:41:39"}
{"level":"info","message":"GET /products","service":"purchase-system","timestamp":"2026-06-23 21:41:42"}
{"level":"info","message":"GET /robots.txt?495062","service":"purchase-system","timestamp":"2026-06-23 21:41:42"}
{"level":"info","message":"GET /products/e3009518-6f10-11f1-bb70-088fc3275581/edit","service":"purchase-system","timestamp":"2026-06-23 21:41:48"}
{"level":"info","message":"GET /robots.txt?495062","service":"purchase-system","timestamp":"2026-06-23 21:41:48"}
{"level":"info","message":"GET /","service":"purchase-system","timestamp":"2026-06-23 21:41:52"}
{"level":"info","message":"GET /robots.txt?495062","service":"purchase-system","timestamp":"2026-06-23 21:41:52"}
{"level":"info","message":"GET /robots.txt?495062","service":"purchase-system","timestamp":"2026-06-23 21:41:52"}
{"level":"info","message":"GET /purchases/new","service":"purchase-system","timestamp":"2026-06-23 21:41:55"}
{"level":"info","message":"GET /robots.txt?495062","service":"purchase-system","timestamp":"2026-06-23 21:41:55"}
{"level":"info","message":"🚀 Server running on http://localhost:3000","service":"purchase-system","timestamp":"2026-06-23 21:42:22"}
{"level":"info","message":"📊 Environment: development","service":"purchase-system","timestamp":"2026-06-23 21:42:22"}
{"level":"info","message":"✅ Database connected successfully","service":"purchase-system","timestamp":"2026-06-23 21:42:22"}
{"level":"info","message":"🚀 Server running on http://localhost:3000","service":"purchase-system","timestamp":"2026-06-23 21:42:31"}
{"level":"info","message":"📊 Environment: development","service":"purchase-system","timestamp":"2026-06-23 21:42:31"}
{"level":"info","message":"✅ Database connected successfully","service":"purchase-system","timestamp":"2026-06-23 21:42:31"}
{"level":"info","message":"🚀 Server running on http://localhost:3000","service":"purchase-system","timestamp":"2026-06-23 21:42:40"}
{"level":"info","message":"📊 Environment: development","service":"purchase-system","timestamp":"2026-06-23 21:42:40"}
{"level":"info","message":"✅ Database connected successfully","service":"purchase-system","timestamp":"2026-06-23 21:42:40"}
{"level":"info","message":"🚀 Server running on http://localhost:3000","service":"purchase-system","timestamp":"2026-06-23 21:42:52"}
{"level":"info","message":"📊 Environment: development","service":"purchase-system","timestamp":"2026-06-23 21:42:52"}
{"level":"info","message":"✅ Database connected successfully","service":"purchase-system","timestamp":"2026-06-23 21:42:52"}
{"level":"info","message":"🚀 Server running on http://localhost:3000","service":"purchase-system","timestamp":"2026-06-23 21:43:11"}
{"level":"info","message":"📊 Environment: development","service":"purchase-system","timestamp":"2026-06-23 21:43:11"}
{"level":"info","message":"✅ Database connected successfully","service":"purchase-system","timestamp":"2026-06-23 21:43:12"}
{"level":"info","message":"GET /robots.txt?495062","service":"purchase-system","timestamp":"2026-06-23 21:43:20"}
{"level":"info","message":"GET /","service":"purchase-system","timestamp":"2026-06-23 21:43:21"}
{"level":"info","message":"Loading dashboard","service":"purchase-system","timestamp":"2026-06-23 21:43:21"}
{"level":"info","message":"GET /robots.txt?495062","service":"purchase-system","timestamp":"2026-06-23 21:43:21"}
{"level":"info","message":"GET /","service":"purchase-system","timestamp":"2026-06-23 21:43:22"}
{"level":"info","message":"Loading dashboard","service":"purchase-system","timestamp":"2026-06-23 21:43:22"}
{"level":"info","message":"GET /robots.txt?495062","service":"purchase-system","timestamp":"2026-06-23 21:43:22"}
{"level":"info","message":"GET /purchases","service":"purchase-system","timestamp":"2026-06-23 21:43:23"}
{"level":"info","message":"GET /robots.txt?495062","service":"purchase-system","timestamp":"2026-06-23 21:43:23"}
{"level":"info","message":"GET /products","service":"purchase-system","timestamp":"2026-06-23 21:43:24"}
{"level":"info","message":"GET /robots.txt?495062","service":"purchase-system","timestamp":"2026-06-23 21:43:24"}
{"level":"info","message":"GET /purchases/new","service":"purchase-system","timestamp":"2026-06-23 21:43:24"}
{"level":"info","message":"Showing create purchase form","service":"purchase-system","timestamp":"2026-06-23 21:43:24"}
{"level":"info","message":"GET /robots.txt?495062","service":"purchase-system","timestamp":"2026-06-23 21:43:24"}
{"level":"info","message":"GET /products/new","service":"purchase-system","timestamp":"2026-06-23 21:43:28"}
{"level":"info","message":"GET /robots.txt?495062","service":"purchase-system","timestamp":"2026-06-23 21:43:28"}
{"level":"info","message":"GET /robots.txt?495062","service":"purchase-system","timestamp":"2026-06-23 21:43:28"}
{"level":"info","message":"GET /purchases/new","service":"purchase-system","timestamp":"2026-06-23 21:43:29"}
{"level":"info","message":"Showing create purchase form","service":"purchase-system","timestamp":"2026-06-23 21:43:29"}
{"level":"info","message":"GET /robots.txt?495062","service":"purchase-system","timestamp":"2026-06-23 21:43:29"}
{"level":"info","message":"GET /robots.txt?495062","service":"purchase-system","timestamp":"2026-06-23 21:43:29"}
{"level":"info","message":"🚀 Server running on http://localhost:3000","service":"purchase-system","timestamp":"2026-06-23 21:44:05"}
{"level":"info","message":"📊 Environment: development","service":"purchase-system","timestamp":"2026-06-23 21:44:05"}
{"level":"info","message":"✅ Database connected successfully","service":"purchase-system","timestamp":"2026-06-23 21:44:05"}
{"level":"info","message":"🚀 Server running on http://localhost:3000","service":"purchase-system","timestamp":"2026-06-23 21:44:14"}
{"level":"info","message":"📊 Environment: development","service":"purchase-system","timestamp":"2026-06-23 21:44:14"}
{"level":"info","message":"✅ Database connected successfully","service":"purchase-system","timestamp":"2026-06-23 21:44:14"}
{"level":"info","message":"🚀 Server running on http://localhost:3000","service":"purchase-system","timestamp":"2026-06-23 21:44:22"}
{"level":"info","message":"📊 Environment: development","service":"purchase-system","timestamp":"2026-06-23 21:44:22"}
{"level":"info","message":"✅ Database connected successfully","service":"purchase-system","timestamp":"2026-06-23 21:44:22"}
{"level":"info","message":"🚀 Server running on http://localhost:3000","service":"purchase-system","timestamp":"2026-06-23 21:44:31"}
{"level":"info","message":"📊 Environment: development","service":"purchase-system","timestamp":"2026-06-23 21:44:31"}
{"level":"info","message":"✅ Database connected successfully","service":"purchase-system","timestamp":"2026-06-23 21:44:31"}
{"level":"info","message":"🚀 Server running on http://localhost:3000","service":"purchase-system","timestamp":"2026-06-23 21:44:41"}
{"level":"info","message":"📊 Environment: development","service":"purchase-system","timestamp":"2026-06-23 21:44:41"}
{"level":"info","message":"✅ Database connected successfully","service":"purchase-system","timestamp":"2026-06-23 21:44:41"}
{"level":"info","message":"GET /purchases/new","service":"purchase-system","timestamp":"2026-06-23 21:44:48"}
{"level":"info","message":"GET /robots.txt?495062","service":"purchase-system","timestamp":"2026-06-23 21:44:48"}
{"level":"info","message":"GET /purchases/new","service":"purchase-system","timestamp":"2026-06-23 21:44:49"}
{"level":"info","message":"GET /robots.txt?495062","service":"purchase-system","timestamp":"2026-06-23 21:44:49"}
{"level":"info","message":"GET /purchases/new","service":"purchase-system","timestamp":"2026-06-23 21:44:49"}
{"level":"info","message":"GET /robots.txt?495062","service":"purchase-system","timestamp":"2026-06-23 21:44:49"}
{"level":"info","message":"GET /purchases/new","service":"purchase-system","timestamp":"2026-06-23 21:44:49"}
{"level":"info","message":"GET /robots.txt?495062","service":"purchase-system","timestamp":"2026-06-23 21:44:49"}
{"level":"info","message":"GET /purchases/new","service":"purchase-system","timestamp":"2026-06-23 21:44:49"}
{"level":"info","message":"GET /robots.txt?495062","service":"purchase-system","timestamp":"2026-06-23 21:44:49"}
{"level":"info","message":"GET /purchases/new","service":"purchase-system","timestamp":"2026-06-23 21:44:49"}
{"level":"info","message":"GET /robots.txt?495062","service":"purchase-system","timestamp":"2026-06-23 21:44:50"}
{"level":"info","message":"GET /purchases/new","service":"purchase-system","timestamp":"2026-06-23 21:44:50"}
{"level":"info","message":"GET /robots.txt?495062","service":"purchase-system","timestamp":"2026-06-23 21:44:50"}
{"level":"info","message":"GET /purchases/new","service":"purchase-system","timestamp":"2026-06-23 21:44:50"}
{"level":"info","message":"GET /robots.txt?495062","service":"purchase-system","timestamp":"2026-06-23 21:44:50"}
{"level":"info","message":"GET /purchases/new","service":"purchase-system","timestamp":"2026-06-23 21:44:50"}
{"level":"info","message":"GET /robots.txt?495062","service":"purchase-system","timestamp":"2026-06-23 21:44:50"}
{"level":"info","message":"GET /purchases/new","service":"purchase-system","timestamp":"2026-06-23 21:44:50"}
{"level":"info","message":"GET /robots.txt?495062","service":"purchase-system","timestamp":"2026-06-23 21:44:50"}
{"level":"info","message":"GET /purchases/new","service":"purchase-system","timestamp":"2026-06-23 21:44:50"}
{"level":"info","message":"GET /robots.txt?495062","service":"purchase-system","timestamp":"2026-06-23 21:44:50"}
{"level":"info","message":"GET /purchases/new","service":"purchase-system","timestamp":"2026-06-23 21:44:50"}
{"level":"info","message":"GET /robots.txt?495062","service":"purchase-system","timestamp":"2026-06-23 21:44:50"}
{"level":"info","message":"GET /purchases/new","service":"purchase-system","timestamp":"2026-06-23 21:44:50"}
{"level":"info","message":"GET /robots.txt?495062","service":"purchase-system","timestamp":"2026-06-23 21:44:50"}
{"level":"info","message":"GET /purchases/new","service":"purchase-system","timestamp":"2026-06-23 21:44:51"}
{"level":"info","message":"GET /robots.txt?495062","service":"purchase-system","timestamp":"2026-06-23 21:44:51"}
{"level":"info","message":"GET /purchases/new","service":"purchase-system","timestamp":"2026-06-23 21:44:51"}
{"level":"info","message":"GET /robots.txt?495062","service":"purchase-system","timestamp":"2026-06-23 21:44:51"}
{"level":"info","message":"GET /purchases/new","service":"purchase-system","timestamp":"2026-06-23 21:44:51"}
{"level":"info","message":"GET /robots.txt?495062","service":"purchase-system","timestamp":"2026-06-23 21:44:51"}
{"level":"info","message":"🚀 Server running on http://localhost:3000","service":"purchase-system","timestamp":"2026-06-23 21:45:46"}
{"level":"info","message":"📊 Environment: development","service":"purchase-system","timestamp":"2026-06-23 21:45:46"}
{"level":"info","message":"✅ Database connected successfully","service":"purchase-system","timestamp":"2026-06-23 21:45:46"}
{"level":"info","message":"GET /purchases/new","service":"purchase-system","timestamp":"2026-06-23 21:45:52"}
{"level":"info","message":"GET /robots.txt?495062","service":"purchase-system","timestamp":"2026-06-23 21:45:52"}
{"level":"info","message":"🚀 Server running on http://localhost:3000","service":"purchase-system","timestamp":"2026-06-23 21:47:59"}
{"level":"info","message":"📊 Environment: development","service":"purchase-system","timestamp":"2026-06-23 21:47:59"}
{"level":"info","message":"✅ Database connected successfully","service":"purchase-system","timestamp":"2026-06-23 21:47:59"}
{"level":"info","message":"🚀 Server running on http://localhost:3000","service":"purchase-system","timestamp":"2026-06-23 21:48:04"}
{"level":"info","message":"📊 Environment: development","service":"purchase-system","timestamp":"2026-06-23 21:48:04"}
{"level":"info","message":"✅ Database connected successfully","service":"purchase-system","timestamp":"2026-06-23 21:48:04"}
{"level":"info","message":"GET /purchases/new","service":"purchase-system","timestamp":"2026-06-23 21:48:09"}
{"level":"info","message":"GET /robots.txt?495062","service":"purchase-system","timestamp":"2026-06-23 21:48:09"}
{"level":"info","message":"POST /purchases","service":"purchase-system","timestamp":"2026-06-23 21:48:30"}
{"isOperational":true,"level":"error","message":"Purchase creation error: Product ID is required","name":"AppError","service":"purchase-system","stack":"AppError: Product ID is required\n    at PurchaseService.createPurchase (D:\\coding\\interview\\purchase-system\\services\\PurchaseService.js:37:15)\n    at createPurchase (D:\\coding\\interview\\purchase-system\\controllers\\PurchaseController.js:50:29)\n    at Layer.handle [as handle_request] (D:\\coding\\interview\\purchase-system\\node_modules\\express\\lib\\router\\layer.js:95:5)\n    at next (D:\\coding\\interview\\purchase-system\\node_modules\\express\\lib\\router\\route.js:149:13)\n    at Route.dispatch (D:\\coding\\interview\\purchase-system\\node_modules\\express\\lib\\router\\route.js:119:3)\n    at Layer.handle [as handle_request] (D:\\coding\\interview\\purchase-system\\node_modules\\express\\lib\\router\\layer.js:95:5)\n    at D:\\coding\\interview\\purchase-system\\node_modules\\express\\lib\\router\\index.js:284:15\n    at router.process_params (D:\\coding\\interview\\purchase-system\\node_modules\\express\\lib\\router\\index.js:346:12)\n    at next (D:\\coding\\interview\\purchase-system\\node_modules\\express\\lib\\router\\index.js:280:10)\n    at router.handle (D:\\coding\\interview\\purchase-system\\node_modules\\express\\lib\\router\\index.js:175:3)","statusCode":400,"timestamp":"2026-06-23 21:48:30"}
{"level":"info","message":"GET /robots.txt?495062","service":"purchase-system","timestamp":"2026-06-23 21:48:30"}
{"level":"info","message":"POST /purchases","service":"purchase-system","timestamp":"2026-06-23 21:48:38"}
{"isOperational":true,"level":"error","message":"Purchase creation error: Product ID is required","name":"AppError","service":"purchase-system","stack":"AppError: Product ID is required\n    at PurchaseService.createPurchase (D:\\coding\\interview\\purchase-system\\services\\PurchaseService.js:37:15)\n    at createPurchase (D:\\coding\\interview\\purchase-system\\controllers\\PurchaseController.js:50:29)\n    at Layer.handle [as handle_request] (D:\\coding\\interview\\purchase-system\\node_modules\\express\\lib\\router\\layer.js:95:5)\n    at next (D:\\coding\\interview\\purchase-system\\node_modules\\express\\lib\\router\\route.js:149:13)\n    at Route.dispatch (D:\\coding\\interview\\purchase-system\\node_modules\\express\\lib\\router\\route.js:119:3)\n    at Layer.handle [as handle_request] (D:\\coding\\interview\\purchase-system\\node_modules\\express\\lib\\router\\layer.js:95:5)\n    at D:\\coding\\interview\\purchase-system\\node_modules\\express\\lib\\router\\index.js:284:15\n    at router.process_params (D:\\coding\\interview\\purchase-system\\node_modules\\express\\lib\\router\\index.js:346:12)\n    at next (D:\\coding\\interview\\purchase-system\\node_modules\\express\\lib\\router\\index.js:280:10)\n    at router.handle (D:\\coding\\interview\\purchase-system\\node_modules\\express\\lib\\router\\index.js:175:3)","statusCode":400,"timestamp":"2026-06-23 21:48:38"}
{"level":"info","message":"GET /robots.txt?495062","service":"purchase-system","timestamp":"2026-06-23 21:48:38"}
{"level":"info","message":"🚀 Server running on http://localhost:3000","service":"purchase-system","timestamp":"2026-06-23 21:49:05"}
{"level":"info","message":"📊 Environment: development","service":"purchase-system","timestamp":"2026-06-23 21:49:05"}
{"level":"info","message":"✅ Database connected successfully","service":"purchase-system","timestamp":"2026-06-23 21:49:05"}
{"level":"info","message":"🚀 Server running on http://localhost:3000","service":"purchase-system","timestamp":"2026-06-23 21:49:13"}
{"level":"info","message":"📊 Environment: development","service":"purchase-system","timestamp":"2026-06-23 21:49:13"}
{"level":"info","message":"✅ Database connected successfully","service":"purchase-system","timestamp":"2026-06-23 21:49:13"}
{"level":"info","message":"🚀 Server running on http://localhost:3000","service":"purchase-system","timestamp":"2026-06-23 21:49:32"}
{"level":"info","message":"📊 Environment: development","service":"purchase-system","timestamp":"2026-06-23 21:49:32"}
{"level":"info","message":"✅ Database connected successfully","service":"purchase-system","timestamp":"2026-06-23 21:49:32"}
{"level":"info","message":"🚀 Server running on http://localhost:3000","service":"purchase-system","timestamp":"2026-06-23 21:49:41"}
{"level":"info","message":"📊 Environment: development","service":"purchase-system","timestamp":"2026-06-23 21:49:41"}
{"level":"info","message":"✅ Database connected successfully","service":"purchase-system","timestamp":"2026-06-23 21:49:41"}
{"level":"info","message":"🚀 Server running on http://localhost:3000","service":"purchase-system","timestamp":"2026-06-23 21:49:47"}
{"level":"info","message":"📊 Environment: development","service":"purchase-system","timestamp":"2026-06-23 21:49:47"}
{"level":"info","message":"✅ Database connected successfully","service":"purchase-system","timestamp":"2026-06-23 21:49:47"}
{"level":"info","message":"POST /purchases","service":"purchase-system","timestamp":"2026-06-23 21:49:54"}
{"level":"info","message":"Purchase created: ID e6e0ec8a-d1a2-4cdf-a4f1-06a679973c32 - Rak Buku Minimalis x 10","service":"purchase-system","timestamp":"2026-06-23 21:49:54"}
{"level":"info","message":"GET /purchases","service":"purchase-system","timestamp":"2026-06-23 21:49:54"}
{"level":"info","message":"GET /robots.txt?495062","service":"purchase-system","timestamp":"2026-06-23 21:49:54"}
{"level":"info","message":"GET /products","service":"purchase-system","timestamp":"2026-06-23 21:50:04"}
{"level":"info","message":"GET /robots.txt?495062","service":"purchase-system","timestamp":"2026-06-23 21:50:04"}
{"level":"info","message":"GET /purchases","service":"purchase-system","timestamp":"2026-06-23 21:50:08"}
{"level":"info","message":"GET /robots.txt?495062","service":"purchase-system","timestamp":"2026-06-23 21:50:08"}
{"level":"info","message":"GET /purchases/new","service":"purchase-system","timestamp":"2026-06-23 21:50:09"}
{"level":"info","message":"GET /robots.txt?495062","service":"purchase-system","timestamp":"2026-06-23 21:50:09"}
{"level":"info","message":"POST /purchases","service":"purchase-system","timestamp":"2026-06-23 21:50:22"}
{"level":"info","message":"Purchase created: ID 5fc523c1-d700-4bb6-a91f-190c084843cf - Rak Buku Minimalis x 1","service":"purchase-system","timestamp":"2026-06-23 21:50:22"}
{"level":"info","message":"GET /purchases","service":"purchase-system","timestamp":"2026-06-23 21:50:22"}
{"level":"info","message":"GET /robots.txt?495062","service":"purchase-system","timestamp":"2026-06-23 21:50:22"}
{"level":"info","message":"GET /products","service":"purchase-system","timestamp":"2026-06-23 21:50:25"}
{"level":"info","message":"GET /robots.txt?495062","service":"purchase-system","timestamp":"2026-06-23 21:50:25"}
{"level":"info","message":"GET /","service":"purchase-system","timestamp":"2026-06-23 21:50:26"}
{"level":"info","message":"Loading dashboard","service":"purchase-system","timestamp":"2026-06-23 21:50:26"}
{"level":"info","message":"GET /robots.txt?495062","service":"purchase-system","timestamp":"2026-06-23 21:50:26"}
{"level":"info","message":"GET /products","service":"purchase-system","timestamp":"2026-06-23 21:50:28"}
{"level":"info","message":"GET /robots.txt?495062","service":"purchase-system","timestamp":"2026-06-23 21:50:28"}
{"level":"info","message":"GET /purchases","service":"purchase-system","timestamp":"2026-06-23 21:50:38"}
{"level":"info","message":"GET /robots.txt?495062","service":"purchase-system","timestamp":"2026-06-23 21:50:38"}
{"level":"info","message":"GET /purchases/new","service":"purchase-system","timestamp":"2026-06-23 21:50:42"}
{"level":"info","message":"GET /robots.txt?495062","service":"purchase-system","timestamp":"2026-06-23 21:50:42"}
{"level":"info","message":"POST /purchases","service":"purchase-system","timestamp":"2026-06-23 21:50:56"}
{"level":"info","message":"Purchase created: ID b96367cd-138f-4f10-9906-4ab3e1091f48 - Rak Buku Minimalis x 1","service":"purchase-system","timestamp":"2026-06-23 21:50:56"}
{"level":"info","message":"GET /purchases","service":"purchase-system","timestamp":"2026-06-23 21:50:56"}
{"level":"info","message":"GET /robots.txt?495062","service":"purchase-system","timestamp":"2026-06-23 21:50:56"}
{"level":"info","message":"GET /products","service":"purchase-system","timestamp":"2026-06-23 21:50:58"}
{"level":"info","message":"GET /robots.txt?495062","service":"purchase-system","timestamp":"2026-06-23 21:50:58"}
{"level":"info","message":"🚀 Server running on http://localhost:3000","service":"purchase-system","timestamp":"2026-06-23 21:52:46"}
{"level":"info","message":"📊 Environment: development","service":"purchase-system","timestamp":"2026-06-23 21:52:46"}
{"level":"info","message":"✅ Database connected successfully","service":"purchase-system","timestamp":"2026-06-23 21:52:46"}
{"level":"info","message":"🚀 Server running on http://localhost:3000","service":"purchase-system","timestamp":"2026-06-23 21:52:54"}
{"level":"info","message":"📊 Environment: development","service":"purchase-system","timestamp":"2026-06-23 21:52:54"}
{"level":"info","message":"✅ Database connected successfully","service":"purchase-system","timestamp":"2026-06-23 21:52:54"}
{"level":"info","message":"GET /products","service":"purchase-system","timestamp":"2026-06-23 21:53:02"}
{"level":"info","message":"GET /robots.txt?495062","service":"purchase-system","timestamp":"2026-06-23 21:53:02"}
{"level":"info","message":"GET /purchases/new","service":"purchase-system","timestamp":"2026-06-23 21:53:04"}
{"level":"info","message":"GET /robots.txt?495062","service":"purchase-system","timestamp":"2026-06-23 21:53:04"}
{"level":"info","message":"GET /products","service":"purchase-system","timestamp":"2026-06-23 21:53:10"}
{"level":"info","message":"GET /robots.txt?495062","service":"purchase-system","timestamp":"2026-06-23 21:53:10"}
{"level":"info","message":"POST /purchases","service":"purchase-system","timestamp":"2026-06-23 21:53:23"}
{"level":"info","message":"Purchase created: ID 895ca49a-f5a5-43a8-9d39-e6bf4876721b - Rak Buku Minimalis x 1","service":"purchase-system","timestamp":"2026-06-23 21:53:23"}
{"level":"info","message":"GET /purchases","service":"purchase-system","timestamp":"2026-06-23 21:53:23"}
{"level":"info","message":"GET /robots.txt?495062","service":"purchase-system","timestamp":"2026-06-23 21:53:23"}
{"level":"info","message":"GET /products","service":"purchase-system","timestamp":"2026-06-23 21:53:26"}
{"level":"info","message":"GET /robots.txt?495062","service":"purchase-system","timestamp":"2026-06-23 21:53:26"}
{"level":"info","message":"GET /purchases","service":"purchase-system","timestamp":"2026-06-23 21:53:45"}
{"level":"info","message":"GET /robots.txt?495062","service":"purchase-system","timestamp":"2026-06-23 21:53:45"}
{"level":"info","message":"GET /purchases","service":"purchase-system","timestamp":"2026-06-23 21:53:52"}
{"level":"info","message":"GET /robots.txt?495062","service":"purchase-system","timestamp":"2026-06-23 21:53:52"}
{"level":"info","message":"GET /purchases","service":"purchase-system","timestamp":"2026-06-23 21:53:53"}
{"level":"info","message":"GET /robots.txt?495062","service":"purchase-system","timestamp":"2026-06-23 21:53:53"}
{"level":"info","message":"GET /purchases","service":"purchase-system","timestamp":"2026-06-23 21:54:10"}
{"level":"info","message":"GET /robots.txt?495062","service":"purchase-system","timestamp":"2026-06-23 21:54:10"}
{"level":"info","message":"GET /","service":"purchase-system","timestamp":"2026-06-23 21:54:19"}
{"level":"info","message":"Loading dashboard","service":"purchase-system","timestamp":"2026-06-23 21:54:19"}
{"level":"info","message":"GET /robots.txt?495062","service":"purchase-system","timestamp":"2026-06-23 21:54:19"}
